<?xml version="1.0" encoding="UTF-8"?>
<testng-results ignored="0" total="1" passed="1" failed="0" skipped="0">
  <reporter-output>
  </reporter-output>
  <suite started-at="2022-01-16T17:41:22Z" name="Default suite" finished-at="2022-01-16T17:41:57Z" duration-ms="34556">
    <groups>
    </groups>
    <test started-at="2022-01-16T17:41:22Z" name="Default test" finished-at="2022-01-16T17:41:57Z" duration-ms="34556">
      <class name="testcases.LoginTest">
        <test-method is-config="true" signature="setup()[pri:0, instance:testcases.LoginTest@49ff7d8c]" started-at="2022-01-16T17:41:22Z" name="setup" finished-at="2022-01-16T17:41:24Z" duration-ms="2062" status="PASS">
          <reporter-output>
          </reporter-output>
        </test-method> <!-- setup -->
        <test-method signature="test_1(java.lang.String, java.lang.String, java.lang.String)[pri:0, instance:testcases.LoginTest@49ff7d8c]" started-at="2022-01-16T17:41:25Z" name="test_1" data-provider="Amazon" finished-at="2022-01-16T17:41:57Z" duration-ms="31996" status="PASS">
          <params>
            <param index="0">
              <value>
                <![CDATA[shriyaasati09@gmail.com]]>
              </value>
            </param>
            <param index="1">
              <value>
                <![CDATA[Pentagon8]]>
              </value>
            </param>
            <param index="2">
              <value>
                <![CDATA[purse for women]]>
              </value>
            </param>
          </params>
          <reporter-output>
          </reporter-output>
        </test-method> <!-- test_1 -->
      </class> <!-- testcases.LoginTest -->
    </test> <!-- Default test -->
  </suite> <!-- Default suite -->
</testng-results>
